<?xml version="1.0" encoding="UTF-8"?>
<!DOCTYPE html PUBLIC "-//W3C//DTD XHTML 1.0 Strict//EN" "http://www.w3.org/TR/xhtml1/DTD/xhtml1-strict.dtd">
<html xmlns="http://www.w3.org/1999/xhtml">
<head>
    <title>Regression tests</title>
    <meta name="generator" content="HTMLTestRunner 0.8.2"/>
    <meta http-equiv="Content-Type" content="text/html; charset=UTF-8"/>
    
<style type="text/css" media="screen">
body        { font-family: verdana, arial, helvetica, sans-serif; font-size: 80%; }
table       { font-size: 100%; }
pre         { }

/* -- heading ---------------------------------------------------------------------- */
h1 {
    font-size: 16pt;
    color: gray;
}
.heading {
    margin-top: 0ex;
    margin-bottom: 1ex;
}

.heading .attribute {
    margin-top: 1ex;
    margin-bottom: 0;
}

.heading .description {
    margin-top: 4ex;
    margin-bottom: 6ex;
}

/* -- css div popup ------------------------------------------------------------------------ */
a {
    color: #065eaa;
    text-decoration: none;
}
a:hover {
    text-decoration: underline;
}

a.popup_link {
}

a.popup_link:hover {
}

.popup_window {
    display: none;
    position: relative;
    left: 0px;
    top: 0px;
    /*border: solid #627173 1px; */
    padding: 10px;
    background-color: #E6E6D6;
    font-family: "Lucida Console", "Courier New", Courier, monospace;
    text-align: left;
    font-size: 9.5pt;
    width: 90%;
}

}
/* -- report ------------------------------------------------------------------------ */
#show_detail_line {
    margin-top: 3ex;
    margin-bottom: 1ex;
}
#result_table {
    width: 100%;
    border-collapse: collapse;
    border: 1px solid #777;
}
#header_row {
    font-weight: bold;
    color: white;
    background-color: #777;
}
#result_table td {
    border: 1px solid #777;
    padding: 2px;
}
#total_row  { font-weight: bold; }
.passClass  { background-color: #B5E6B5; }
.failClass  { background-color: #ECC7A3; }
.errorClass { background-color: #ea8585; }
.passCase   { color: #B5E6B5; }
.failCase   { font-weight: bold; }
.errorCase  { font-weight: bold; }
.hiddenRow  { display: none; }
.testcase   { margin-left: 2em; }


/* -- ending ---------------------------------------------------------------------- */
#ending {
}

</style>

</head>
<body>
<script language="javascript" type="text/javascript"><!--
output_list = Array();

/* level - 0:Summary; 1:Failed; 2:All */
function showCase(level) {
    trs = document.getElementsByTagName("tr");
    for (var i = 0; i < trs.length; i++) {
        tr = trs[i];
        id = tr.id;
        if (id.substr(0,2) == 'ft') {
            if (level < 1) {
                tr.className = 'hiddenRow';
            }
            else {
                tr.className = '';
            }
        }
        if (id.substr(0,2) == 'pt') {
            if (level > 1) {
                tr.className = '';
            }
            else {
                tr.className = 'hiddenRow';
            }
        }
    }
}


function showClassDetail(cid, count) {
    var id_list = Array(count);
    var toHide = 1;
    for (var i = 0; i < count; i++) {
        tid0 = 't' + cid.substr(1) + '.' + (i+1);
        tid = 'f' + tid0;
        tr = document.getElementById(tid);
        if (!tr) {
            tid = 'p' + tid0;
            tr = document.getElementById(tid);
        }
        id_list[i] = tid;
        if (tr.className) {
            toHide = 0;
        }
    }
    for (var i = 0; i < count; i++) {
        tid = id_list[i];
        if (toHide) {
            document.getElementById('div_'+tid).style.display = 'none'
            document.getElementById(tid).className = 'hiddenRow';
        }
        else {
            document.getElementById(tid).className = '';
        }
    }
}


function showTestDetail(div_id){
    var details_div = document.getElementById(div_id)
    var displayState = details_div.style.display
    // alert(displayState)
    if (displayState != 'block' ) {
        displayState = 'block'
        details_div.style.display = 'block'
    }
    else {
        details_div.style.display = 'none'
    }
}


function html_escape(s) {
    s = s.replace(/&/g,'&amp;');
    s = s.replace(/</g,'&lt;');
    s = s.replace(/>/g,'&gt;');
    return s;
}

/* obsoleted by detail in <div>
function showOutput(id, name) {
    var w = window.open("", //url
                    name,
                    "resizable,scrollbars,status,width=800,height=450");
    d = w.document;
    d.write("<pre>");
    d.write(html_escape(output_list[id]));
    d.write("\n");
    d.write("<a href='javascript:window.close()'>close</a>\n");
    d.write("</pre>\n");
    d.close();
}
*/
--></script>

<div class='heading'>
<h1>Shop Tests</h1>
<p class='attribute'><strong>Start Time:</strong> 2017-10-31 11:19:46</p>
<p class='attribute'><strong>Duration:</strong> 0:00:43.189354</p>
<p class='attribute'><strong>Status:</strong> Passed 5 Error 8</p>

<p class='description'></p>
</div>



<p id='show_detail_line'>Show
<a href='javascript:showCase(0)'>Summary</a>
<a href='javascript:showCase(1)'>Failed</a>
<a href='javascript:showCase(2)'>All</a>
</p>
<table id='result_table'>
<colgroup>
<col align='left' />
<col align='right' />
<col align='right' />
<col align='right' />
<col align='right' />
<col align='right' />
</colgroup>
<tr id='header_row'>
    <td>Test Group/Test case</td>
    <td>Count</td>
    <td>Pass</td>
    <td>Fail</td>
    <td>Error</td>
    <td>View</td>
</tr>

<tr class='errorClass'>
    <td>src.tests.shop.create_sale.ValidateSale</td>
    <td>3</td>
    <td>1</td>
    <td>0</td>
    <td>2</td>
    <td><a href="javascript:showClassDetail('c1',3)">Detail</a></td>
</tr>

<tr id='pt1.1' class='hiddenRow'>
    <td class='none'><div class='testcase'>test_1_open_close_sale</div></td>
    <td colspan='5' align='center'>pass</td>
</tr>

<tr id='ft1.2' class='none'>
    <td class='errorCase'><div class='testcase'>test_2_close_sale_via_mask</div></td>
    <td colspan='5' align='center'>

    <!--css div popup start-->
    <a class="popup_link" onfocus='this.blur();' href="javascript:showTestDetail('div_ft1.2')" >
        error</a>

    <div id='div_ft1.2' class="popup_window">
        <div style='text-align: right; color:red;cursor:pointer'>
        <a onfocus='this.blur();' onclick="document.getElementById('div_ft1.2').style.display = 'none' " >
           [x]</a>
        </div>
        <pre>
        
ft1.2: Traceback (most recent call last):
  File "/home/orderry/workspace/srt/src/tests/shop/create_sale.py", line 52, in test_2_close_sale_via_mask
    close_sale_dialog_via_mask(self.driver)
  File "/home/orderry/workspace/srt/src/tests/shop/lib/__init__.py", line 26, in close_sale_dialog_via_mask
    return close_dialog_via_mask(driver, SALE_DIALOG_SEL)
TypeError: close_dialog_via_mask() takes exactly 3 arguments (2 given)


        </pre>
    </div>
    <!--css div popup end-->

    </td>
</tr>

<tr id='ft1.3' class='none'>
    <td class='errorCase'><div class='testcase'>test_3_no_goods_added</div></td>
    <td colspan='5' align='center'>

    <!--css div popup start-->
    <a class="popup_link" onfocus='this.blur();' href="javascript:showTestDetail('div_ft1.3')" >
        error</a>

    <div id='div_ft1.3' class="popup_window">
        <div style='text-align: right; color:red;cursor:pointer'>
        <a onfocus='this.blur();' onclick="document.getElementById('div_ft1.3').style.display = 'none' " >
           [x]</a>
        </div>
        <pre>
        
ft1.3: Traceback (most recent call last):
  File "/home/orderry/workspace/srt/src/tests/shop/create_sale.py", line 46, in setUp
    open_new_sale(self.driver)
  File "/home/orderry/workspace/srt/src/tests/shop/lib/__init__.py", line 20, in open_new_sale
    return open_dialog(driver, NEW_SALE_BUTTON, SALE_DIALOG_SEL)
  File "/home/orderry/workspace/srt/src/scaffolds/dialog.py", line 19, in open_dialog
    find_element_by_selector(driver, selector, selector_idx).click()
  File "/usr/local/lib/python2.7/dist-packages/selenium/webdriver/remote/webelement.py", line 77, in click
    self._execute(Command.CLICK_ELEMENT)
  File "/usr/local/lib/python2.7/dist-packages/selenium/webdriver/remote/webelement.py", line 491, in _execute
    return self._parent.execute(command, params)
  File "/usr/local/lib/python2.7/dist-packages/selenium/webdriver/remote/webdriver.py", line 238, in execute
    self.error_handler.check_response(response)
  File "/usr/local/lib/python2.7/dist-packages/selenium/webdriver/remote/errorhandler.py", line 193, in check_response
    raise exception_class(message, screen, stacktrace)
WebDriverException: Message: unknown error: Element &lt;button class="b-btn b-btn_color_green h-mr-10 js-shop-sell"&gt;...&lt;/button&gt; is not clickable at point (178, 108). Other element would receive the click: &lt;div id="mk-dg-516ad4970e6e" class="h-dialog-mask" style="cursor: pointer; opacity: 0.311867;"&gt;&lt;/div&gt;
  (Session info: chrome=62.0.3202.62)
  (Driver info: chromedriver=2.26.436382 (70eb799287ce4c2208441fc057053a5b07ceabac),platform=Linux 4.4.0-97-generic x86_64)



        </pre>
    </div>
    <!--css div popup end-->

    </td>
</tr>

<tr class='errorClass'>
    <td>src.tests.shop.create_sale.CreateSale</td>
    <td>2</td>
    <td>1</td>
    <td>0</td>
    <td>1</td>
    <td><a href="javascript:showClassDetail('c2',2)">Detail</a></td>
</tr>

<tr id='pt2.1' class='hiddenRow'>
    <td class='none'><div class='testcase'>test_1_make_sale</div></td>
    <td colspan='5' align='center'>pass</td>
</tr>

<tr id='ft2.2' class='none'>
    <td class='errorCase'><div class='testcase'>test_2_check_sale</div></td>
    <td colspan='5' align='center'>

    <!--css div popup start-->
    <a class="popup_link" onfocus='this.blur();' href="javascript:showTestDetail('div_ft2.2')" >
        error</a>

    <div id='div_ft2.2' class="popup_window">
        <div style='text-align: right; color:red;cursor:pointer'>
        <a onfocus='this.blur();' onclick="document.getElementById('div_ft2.2').style.display = 'none' " >
           [x]</a>
        </div>
        <pre>
        
ft2.2: Traceback (most recent call last):
  File "/home/orderry/workspace/srt/src/tests/shop/create_sale.py", line 94, in test_2_check_sale
    open_last_sale(self.driver)
  File "/home/orderry/workspace/srt/src/tests/shop/lib/__init__.py", line 36, in open_last_sale
    return open_dialog(driver, SALE_CODE_SEL, ".b-dialog")
  File "/home/orderry/workspace/srt/src/scaffolds/dialog.py", line 19, in open_dialog
    find_element_by_selector(driver, selector, selector_idx).click()
  File "/usr/local/lib/python2.7/dist-packages/selenium/webdriver/remote/webelement.py", line 77, in click
    self._execute(Command.CLICK_ELEMENT)
  File "/usr/local/lib/python2.7/dist-packages/selenium/webdriver/remote/webelement.py", line 491, in _execute
    return self._parent.execute(command, params)
  File "/usr/local/lib/python2.7/dist-packages/selenium/webdriver/remote/webdriver.py", line 238, in execute
    self.error_handler.check_response(response)
  File "/usr/local/lib/python2.7/dist-packages/selenium/webdriver/remote/errorhandler.py", line 193, in check_response
    raise exception_class(message, screen, stacktrace)
WebDriverException: Message: unknown error: Element &lt;a href="#!/shop/1741459"&gt;...&lt;/a&gt; is not clickable at point (144, 194). Other element would receive the click: &lt;div id="mk-dg-b15af47745f2" class="h-dialog-mask" style="cursor: pointer; opacity: 0.100082;"&gt;&lt;/div&gt;
  (Session info: chrome=62.0.3202.62)
  (Driver info: chromedriver=2.26.436382 (70eb799287ce4c2208441fc057053a5b07ceabac),platform=Linux 4.4.0-97-generic x86_64)



        </pre>
    </div>
    <!--css div popup end-->

    </td>
</tr>

<tr class='errorClass'>
    <td>unittest.suite._ErrorHolder</td>
    <td>3</td>
    <td>0</td>
    <td>0</td>
    <td>3</td>
    <td><a href="javascript:showClassDetail('c3',3)">Detail</a></td>
</tr>

<tr id='ft3.1' class='none'>
    <td class='errorCase'><div class='testcase'>CreateSale)</div></td>
    <td colspan='5' align='center'>

    <!--css div popup start-->
    <a class="popup_link" onfocus='this.blur();' href="javascript:showTestDetail('div_ft3.1')" >
        error</a>

    <div id='div_ft3.1' class="popup_window">
        <div style='text-align: right; color:red;cursor:pointer'>
        <a onfocus='this.blur();' onclick="document.getElementById('div_ft3.1').style.display = 'none' " >
           [x]</a>
        </div>
        <pre>
        
ft3.1: Traceback (most recent call last):
  File "/home/orderry/workspace/srt/src/tests/shop/create_sale.py", line 106, in tearDownClass
    close_sale_dialog(cls.driver)
  File "/home/orderry/workspace/srt/src/tests/shop/lib/__init__.py", line 23, in close_sale_dialog
    return close_dialog(driver, CLOSE_SEL, SALE_DIALOG_SEL)
  File "/home/orderry/workspace/srt/src/scaffolds/dialog.py", line 24, in close_dialog
    wait_to_click_selector(driver, selector)
  File "/home/orderry/workspace/srt/src/lib/wait.py", line 44, in wait_to_click_selector
    EC.element_to_be_clickable((By.CSS_SELECTOR, name))
  File "/usr/local/lib/python2.7/dist-packages/selenium/webdriver/support/wait.py", line 80, in until
    raise TimeoutException(message, screen, stacktrace)
TimeoutException: Message: 



        </pre>
    </div>
    <!--css div popup end-->

    </td>
</tr>

<tr id='ft3.2' class='none'>
    <td class='errorCase'><div class='testcase'>ClosePaymentDialog)</div></td>
    <td colspan='5' align='center'>

    <!--css div popup start-->
    <a class="popup_link" onfocus='this.blur();' href="javascript:showTestDetail('div_ft3.2')" >
        error</a>

    <div id='div_ft3.2' class="popup_window">
        <div style='text-align: right; color:red;cursor:pointer'>
        <a onfocus='this.blur();' onclick="document.getElementById('div_ft3.2').style.display = 'none' " >
           [x]</a>
        </div>
        <pre>
        
ft3.2: Traceback (most recent call last):
  File "/home/orderry/workspace/srt/src/tests/shop/sale_payment.py", line 104, in tearDownClass
    close_sale_dialog(cls.driver)
  File "/home/orderry/workspace/srt/src/tests/shop/lib/__init__.py", line 23, in close_sale_dialog
    return close_dialog(driver, CLOSE_SEL, SALE_DIALOG_SEL)
  File "/home/orderry/workspace/srt/src/scaffolds/dialog.py", line 25, in close_dialog
    find_element_by_selector(driver, selector).click()
  File "/usr/local/lib/python2.7/dist-packages/selenium/webdriver/remote/webelement.py", line 77, in click
    self._execute(Command.CLICK_ELEMENT)
  File "/usr/local/lib/python2.7/dist-packages/selenium/webdriver/remote/webelement.py", line 491, in _execute
    return self._parent.execute(command, params)
  File "/usr/local/lib/python2.7/dist-packages/selenium/webdriver/remote/webdriver.py", line 238, in execute
    self.error_handler.check_response(response)
  File "/usr/local/lib/python2.7/dist-packages/selenium/webdriver/remote/errorhandler.py", line 193, in check_response
    raise exception_class(message, screen, stacktrace)
WebDriverException: Message: unknown error: Element &lt;button class="js-close-dialog b-btn b-btn_color_trans" type="button"&gt;...&lt;/button&gt; is not clickable at point (1099, 956). Other element would receive the click: &lt;div id="mk-dg-787bb4d7a34b" class="h-dialog-mask" style="cursor: pointer; opacity: 0.5;"&gt;&lt;/div&gt;
  (Session info: chrome=62.0.3202.62)
  (Driver info: chromedriver=2.26.436382 (70eb799287ce4c2208441fc057053a5b07ceabac),platform=Linux 4.4.0-97-generic x86_64)



        </pre>
    </div>
    <!--css div popup end-->

    </td>
</tr>

<tr id='ft3.3' class='none'>
    <td class='errorCase'><div class='testcase'>SalePayment)</div></td>
    <td colspan='5' align='center'>

    <!--css div popup start-->
    <a class="popup_link" onfocus='this.blur();' href="javascript:showTestDetail('div_ft3.3')" >
        error</a>

    <div id='div_ft3.3' class="popup_window">
        <div style='text-align: right; color:red;cursor:pointer'>
        <a onfocus='this.blur();' onclick="document.getElementById('div_ft3.3').style.display = 'none' " >
           [x]</a>
        </div>
        <pre>
        
ft3.3: Traceback (most recent call last):
  File "/home/orderry/workspace/srt/src/tests/shop/sale_payment.py", line 44, in setUpClass
    create_posting(cls.driver, GOODS)
  File "/home/orderry/workspace/srt/src/tests/warehouse/lib/create.py", line 55, in create_posting
    open_posting_dialog(driver)
  File "/home/orderry/workspace/srt/src/tests/warehouse/lib/__init__.py", line 29, in open_posting_dialog
    driver, ".js-wh-posting", make_selector(DIALOG_SEL, ".js-warehouses [name=warehouse]"),
  File "/home/orderry/workspace/srt/src/scaffolds/dialog.py", line 19, in open_dialog
    find_element_by_selector(driver, selector, selector_idx).click()
  File "/usr/local/lib/python2.7/dist-packages/selenium/webdriver/remote/webelement.py", line 77, in click
    self._execute(Command.CLICK_ELEMENT)
  File "/usr/local/lib/python2.7/dist-packages/selenium/webdriver/remote/webelement.py", line 491, in _execute
    return self._parent.execute(command, params)
  File "/usr/local/lib/python2.7/dist-packages/selenium/webdriver/remote/webdriver.py", line 238, in execute
    self.error_handler.check_response(response)
  File "/usr/local/lib/python2.7/dist-packages/selenium/webdriver/remote/errorhandler.py", line 193, in check_response
    raise exception_class(message, screen, stacktrace)
WebDriverException: Message: unknown error: Element &lt;button class="b-btn b-btn_color_green h-mr-10 js-wh-posting"&gt;...&lt;/button&gt; is not clickable at point (201, 170). Other element would receive the click: &lt;div id="mk-dg-787bb4d7a34b" class="h-dialog-mask" style="cursor: pointer; opacity: 0.5;"&gt;&lt;/div&gt;
  (Session info: chrome=62.0.3202.62)
  (Driver info: chromedriver=2.26.436382 (70eb799287ce4c2208441fc057053a5b07ceabac),platform=Linux 4.4.0-97-generic x86_64)



        </pre>
    </div>
    <!--css div popup end-->

    </td>
</tr>

<tr class='passClass'>
    <td>src.tests.shop.create_sale.CreateDescribedSale</td>
    <td>2</td>
    <td>2</td>
    <td>0</td>
    <td>0</td>
    <td><a href="javascript:showClassDetail('c4',2)">Detail</a></td>
</tr>

<tr id='pt4.1' class='hiddenRow'>
    <td class='none'><div class='testcase'>test_1_make_sale_with_description</div></td>
    <td colspan='5' align='center'>pass</td>
</tr>

<tr id='pt4.2' class='hiddenRow'>
    <td class='none'><div class='testcase'>test_2_check_described_sale</div></td>
    <td colspan='5' align='center'>pass</td>
</tr>

<tr class='passClass'>
    <td>src.tests.shop.create_sale.DeleteSale</td>
    <td>1</td>
    <td>1</td>
    <td>0</td>
    <td>0</td>
    <td><a href="javascript:showClassDetail('c5',1)">Detail</a></td>
</tr>

<tr id='pt5.1' class='hiddenRow'>
    <td class='none'><div class='testcase'>test_1_remove_sale</div></td>
    <td colspan='5' align='center'>pass</td>
</tr>

<tr class='errorClass'>
    <td>src.tests.shop.sale_payment.ClosePaymentDialog</td>
    <td>2</td>
    <td>0</td>
    <td>0</td>
    <td>2</td>
    <td><a href="javascript:showClassDetail('c6',2)">Detail</a></td>
</tr>

<tr id='ft6.1' class='none'>
    <td class='errorCase'><div class='testcase'>test_1_close_dialog_via_mask</div></td>
    <td colspan='5' align='center'>

    <!--css div popup start-->
    <a class="popup_link" onfocus='this.blur();' href="javascript:showTestDetail('div_ft6.1')" >
        error</a>

    <div id='div_ft6.1' class="popup_window">
        <div style='text-align: right; color:red;cursor:pointer'>
        <a onfocus='this.blur();' onclick="document.getElementById('div_ft6.1').style.display = 'none' " >
           [x]</a>
        </div>
        <pre>
        
ft6.1: Traceback (most recent call last):
  File "/home/orderry/workspace/srt/src/tests/shop/sale_payment.py", line 96, in test_1_close_dialog_via_mask
    close_sale_payment_dialog_via_mask(self.driver)
  File "/home/orderry/workspace/srt/src/tests/shop/lib/__init__.py", line 45, in close_sale_payment_dialog_via_mask
    return close_dialog_via_mask(driver, SALE_DIALOG_SEL)
TypeError: close_dialog_via_mask() takes exactly 3 arguments (2 given)


        </pre>
    </div>
    <!--css div popup end-->

    </td>
</tr>

<tr id='ft6.2' class='none'>
    <td class='errorCase'><div class='testcase'>test_2_close_dialog</div></td>
    <td colspan='5' align='center'>

    <!--css div popup start-->
    <a class="popup_link" onfocus='this.blur();' href="javascript:showTestDetail('div_ft6.2')" >
        error</a>

    <div id='div_ft6.2' class="popup_window">
        <div style='text-align: right; color:red;cursor:pointer'>
        <a onfocus='this.blur();' onclick="document.getElementById('div_ft6.2').style.display = 'none' " >
           [x]</a>
        </div>
        <pre>
        
ft6.2: Traceback (most recent call last):
  File "/home/orderry/workspace/srt/src/tests/shop/sale_payment.py", line 92, in setUp
    wait_to_click_selector(self.driver, SELL_BUTTON)
  File "/home/orderry/workspace/srt/src/lib/wait.py", line 44, in wait_to_click_selector
    EC.element_to_be_clickable((By.CSS_SELECTOR, name))
  File "/usr/local/lib/python2.7/dist-packages/selenium/webdriver/support/wait.py", line 80, in until
    raise TimeoutException(message, screen, stacktrace)
TimeoutException: Message: 



        </pre>
    </div>
    <!--css div popup end-->

    </td>
</tr>

<tr id='total_row'>
    <td>Total</td>
    <td>13</td>
    <td>5</td>
    <td>0</td>
    <td>8</td>
    <td>&nbsp;</td>
</tr>
</table>

<div id='ending'>&nbsp;</div>

</body>
</html>
