<?xml version="1.0" encoding="UTF-8"?>
<!DOCTYPE html PUBLIC "-//W3C//DTD XHTML 1.0 Strict//EN" "http://www.w3.org/TR/xhtml1/DTD/xhtml1-strict.dtd">
<html xmlns="http://www.w3.org/1999/xhtml">
<head>
    <title>Regression tests</title>
    <meta name="generator" content="HTMLTestRunner 0.8.2"/>
    <meta http-equiv="Content-Type" content="text/html; charset=UTF-8"/>
    
<style type="text/css" media="screen">
body        { font-family: verdana, arial, helvetica, sans-serif; font-size: 80%; }
table       { font-size: 100%; }
pre         { }

/* -- heading ---------------------------------------------------------------------- */
h1 {
    font-size: 16pt;
    color: gray;
}
.heading {
    margin-top: 0ex;
    margin-bottom: 1ex;
}

.heading .attribute {
    margin-top: 1ex;
    margin-bottom: 0;
}

.heading .description {
    margin-top: 4ex;
    margin-bottom: 6ex;
}

/* -- css div popup ------------------------------------------------------------------------ */
a {
    color: #065eaa;
    text-decoration: none;
}
a:hover {
    text-decoration: underline;
}

a.popup_link {
}

a.popup_link:hover {
}

.popup_window {
    display: none;
    position: relative;
    left: 0px;
    top: 0px;
    /*border: solid #627173 1px; */
    padding: 10px;
    background-color: #E6E6D6;
    font-family: "Lucida Console", "Courier New", Courier, monospace;
    text-align: left;
    font-size: 9.5pt;
    width: 90%;
}

}
/* -- report ------------------------------------------------------------------------ */
#show_detail_line {
    margin-top: 3ex;
    margin-bottom: 1ex;
}
#result_table {
    width: 100%;
    border-collapse: collapse;
    border: 1px solid #777;
}
#header_row {
    font-weight: bold;
    color: white;
    background-color: #777;
}
#result_table td {
    border: 1px solid #777;
    padding: 2px;
}
#total_row  { font-weight: bold; }
.passClass  { background-color: #B5E6B5; }
.failClass  { background-color: #ECC7A3; }
.errorClass { background-color: #ea8585; }
.passCase   { color: #B5E6B5; }
.failCase   { font-weight: bold; }
.errorCase  { font-weight: bold; }
.hiddenRow  { display: none; }
.testcase   { margin-left: 2em; }


/* -- ending ---------------------------------------------------------------------- */
#ending {
}

</style>

</head>
<body>
<script language="javascript" type="text/javascript"><!--
output_list = Array();

/* level - 0:Summary; 1:Failed; 2:All */
function showCase(level) {
    trs = document.getElementsByTagName("tr");
    for (var i = 0; i < trs.length; i++) {
        tr = trs[i];
        id = tr.id;
        if (id.substr(0,2) == 'ft') {
            if (level < 1) {
                tr.className = 'hiddenRow';
            }
            else {
                tr.className = '';
            }
        }
        if (id.substr(0,2) == 'pt') {
            if (level > 1) {
                tr.className = '';
            }
            else {
                tr.className = 'hiddenRow';
            }
        }
    }
}


function showClassDetail(cid, count) {
    var id_list = Array(count);
    var toHide = 1;
    for (var i = 0; i < count; i++) {
        tid0 = 't' + cid.substr(1) + '.' + (i+1);
        tid = 'f' + tid0;
        tr = document.getElementById(tid);
        if (!tr) {
            tid = 'p' + tid0;
            tr = document.getElementById(tid);
        }
        id_list[i] = tid;
        if (tr.className) {
            toHide = 0;
        }
    }
    for (var i = 0; i < count; i++) {
        tid = id_list[i];
        if (toHide) {
            document.getElementById('div_'+tid).style.display = 'none'
            document.getElementById(tid).className = 'hiddenRow';
        }
        else {
            document.getElementById(tid).className = '';
        }
    }
}


function showTestDetail(div_id){
    var details_div = document.getElementById(div_id)
    var displayState = details_div.style.display
    // alert(displayState)
    if (displayState != 'block' ) {
        displayState = 'block'
        details_div.style.display = 'block'
    }
    else {
        details_div.style.display = 'none'
    }
}


function html_escape(s) {
    s = s.replace(/&/g,'&amp;');
    s = s.replace(/</g,'&lt;');
    s = s.replace(/>/g,'&gt;');
    return s;
}

/* obsoleted by detail in <div>
function showOutput(id, name) {
    var w = window.open("", //url
                    name,
                    "resizable,scrollbars,status,width=800,height=450");
    d = w.document;
    d.write("<pre>");
    d.write(html_escape(output_list[id]));
    d.write("\n");
    d.write("<a href='javascript:window.close()'>close</a>\n");
    d.write("</pre>\n");
    d.close();
}
*/
--></script>

<div class='heading'>
<h1>Warehouse Test</h1>
<p class='attribute'><strong>Start Time:</strong> 2017-10-02 17:16:27</p>
<p class='attribute'><strong>Duration:</strong> 0:08:12.401380</p>
<p class='attribute'><strong>Status:</strong> Passed 90 Error 21</p>

<p class='description'></p>
</div>



<p id='show_detail_line'>Show
<a href='javascript:showCase(0)'>Summary</a>
<a href='javascript:showCase(1)'>Failed</a>
<a href='javascript:showCase(2)'>All</a>
</p>
<table id='result_table'>
<colgroup>
<col align='left' />
<col align='right' />
<col align='right' />
<col align='right' />
<col align='right' />
<col align='right' />
</colgroup>
<tr id='header_row'>
    <td>Test Group/Test case</td>
    <td>Count</td>
    <td>Pass</td>
    <td>Fail</td>
    <td>Error</td>
    <td>View</td>
</tr>

<tr class='passClass'>
    <td>src.tests.warehouse.posting.validation.PostingValidationTests</td>
    <td>7</td>
    <td>7</td>
    <td>0</td>
    <td>0</td>
    <td><a href="javascript:showClassDetail('c1',7)">Detail</a></td>
</tr>

<tr id='pt1.1' class='hiddenRow'>
    <td class='none'><div class='testcase'>test_1_no_text</div></td>
    <td colspan='5' align='center'>pass</td>
</tr>

<tr id='pt1.2' class='hiddenRow'>
    <td class='none'><div class='testcase'>test_2_no_category_chosen</div></td>
    <td colspan='5' align='center'>pass</td>
</tr>

<tr id='pt1.3' class='hiddenRow'>
    <td class='none'><div class='testcase'>test_3_text_for_nums</div></td>
    <td colspan='5' align='center'>pass</td>
</tr>

<tr id='pt1.4' class='hiddenRow'>
    <td class='none'><div class='testcase'>test_4_negative_nums</div></td>
    <td colspan='5' align='center'>pass</td>
</tr>

<tr id='pt1.5' class='hiddenRow'>
    <td class='none'><div class='testcase'>test_5_no_supplier</div></td>
    <td colspan='5' align='center'>pass</td>
</tr>

<tr id='pt1.6' class='hiddenRow'>
    <td class='none'><div class='testcase'>test_6_no_items_added</div></td>
    <td colspan='5' align='center'>pass</td>
</tr>

<tr id='pt1.7' class='hiddenRow'>
    <td class='none'><div class='testcase'>test_7_price_input_validation</div></td>
    <td colspan='5' align='center'>pass</td>
</tr>

<tr class='passClass'>
    <td>src.tests.warehouse.posting.validation.PostingChooseStockValidationTests</td>
    <td>3</td>
    <td>3</td>
    <td>0</td>
    <td>0</td>
    <td><a href="javascript:showClassDetail('c2',3)">Detail</a></td>
</tr>

<tr id='pt2.1' class='hiddenRow'>
    <td class='none'><div class='testcase'>test_0_create_stock</div></td>
    <td colspan='5' align='center'>pass</td>
</tr>

<tr id='pt2.2' class='hiddenRow'>
    <td class='none'><div class='testcase'>test_1_no_stock_chosen</div></td>
    <td colspan='5' align='center'>pass</td>
</tr>

<tr id='pt2.3' class='hiddenRow'>
    <td class='none'><div class='testcase'>test_2_clean_up_stocks</div></td>
    <td colspan='5' align='center'>pass</td>
</tr>

<tr class='passClass'>
    <td>src.tests.warehouse.posting.create_posting.CreatePosting</td>
    <td>6</td>
    <td>6</td>
    <td>0</td>
    <td>0</td>
    <td><a href="javascript:showClassDetail('c3',6)">Detail</a></td>
</tr>

<tr id='pt3.1' class='hiddenRow'>
    <td class='none'><div class='testcase'>test_1_open_close_dialog</div></td>
    <td colspan='5' align='center'>pass</td>
</tr>

<tr id='pt3.2' class='hiddenRow'>
    <td class='none'><div class='testcase'>test_2_post_new_item</div></td>
    <td colspan='5' align='center'>pass</td>
</tr>

<tr id='pt3.3' class='hiddenRow'>
    <td class='none'><div class='testcase'>test_3_post_existing_item</div></td>
    <td colspan='5' align='center'>pass</td>
</tr>

<tr id='pt3.4' class='hiddenRow'>
    <td class='none'><div class='testcase'>test_4_post_few_items</div></td>
    <td colspan='5' align='center'>pass</td>
</tr>

<tr id='pt3.5' class='hiddenRow'>
    <td class='none'><div class='testcase'>test_5_post_and_pay</div></td>
    <td colspan='5' align='center'>pass</td>
</tr>

<tr id='pt3.6' class='hiddenRow'>
    <td class='none'><div class='testcase'>test_6_cleanup</div></td>
    <td colspan='5' align='center'>pass</td>
</tr>

<tr class='passClass'>
    <td>src.tests.warehouse.posting.edit_posting.PostingAutocomplete</td>
    <td>2</td>
    <td>2</td>
    <td>0</td>
    <td>0</td>
    <td><a href="javascript:showClassDetail('c4',2)">Detail</a></td>
</tr>

<tr id='pt4.1' class='hiddenRow'>
    <td class='none'><div class='testcase'>test_0_preconditions</div></td>
    <td colspan='5' align='center'>pass</td>
</tr>

<tr id='pt4.2' class='hiddenRow'>
    <td class='none'><div class='testcase'>test_1_supplier</div></td>
    <td colspan='5' align='center'>pass</td>
</tr>

<tr class='passClass'>
    <td>src.tests.warehouse.posting.edit_posting.PostingAddRemoveGoods</td>
    <td>3</td>
    <td>3</td>
    <td>0</td>
    <td>0</td>
    <td><a href="javascript:showClassDetail('c5',3)">Detail</a></td>
</tr>

<tr id='pt5.1' class='hiddenRow'>
    <td class='none'><div class='testcase'>test_0_precondition</div></td>
    <td colspan='5' align='center'>pass</td>
</tr>

<tr id='pt5.2' class='hiddenRow'>
    <td class='none'><div class='testcase'>test_1_add_item</div></td>
    <td colspan='5' align='center'>pass</td>
</tr>

<tr id='pt5.3' class='hiddenRow'>
    <td class='none'><div class='testcase'>test_2_remove_item</div></td>
    <td colspan='5' align='center'>pass</td>
</tr>

<tr class='passClass'>
    <td>src.tests.warehouse.posting.delete_posting.DeletePosting</td>
    <td>2</td>
    <td>2</td>
    <td>0</td>
    <td>0</td>
    <td><a href="javascript:showClassDetail('c6',2)">Detail</a></td>
</tr>

<tr id='pt6.1' class='hiddenRow'>
    <td class='none'><div class='testcase'>test_1_delete_posting</div></td>
    <td colspan='5' align='center'>pass</td>
</tr>

<tr id='pt6.2' class='hiddenRow'>
    <td class='none'><div class='testcase'>test_2_confirmation_dialog</div></td>
    <td colspan='5' align='center'>pass</td>
</tr>

<tr class='passClass'>
    <td>src.tests.warehouse.categories.create_category.CreateCategory</td>
    <td>6</td>
    <td>6</td>
    <td>0</td>
    <td>0</td>
    <td><a href="javascript:showClassDetail('c7',6)">Detail</a></td>
</tr>

<tr id='pt7.1' class='hiddenRow'>
    <td class='none'><div class='testcase'>test_1_category_dialog</div></td>
    <td colspan='5' align='center'>pass</td>
</tr>

<tr id='pt7.2' class='hiddenRow'>
    <td class='none'><div class='testcase'>test_2_main_parent_node</div></td>
    <td colspan='5' align='center'>pass</td>
</tr>

<tr id='pt7.3' class='hiddenRow'>
    <td class='none'><div class='testcase'>test_3_create_category</div></td>
    <td colspan='5' align='center'>pass</td>
</tr>

<tr id='pt7.4' class='hiddenRow'>
    <td class='none'><div class='testcase'>test_4_category_already_exist</div></td>
    <td colspan='5' align='center'>pass</td>
</tr>

<tr id='pt7.5' class='hiddenRow'>
    <td class='none'><div class='testcase'>test_5_no_name</div></td>
    <td colspan='5' align='center'>pass</td>
</tr>

<tr id='pt7.6' class='hiddenRow'>
    <td class='none'><div class='testcase'>test_6_category_collapser</div></td>
    <td colspan='5' align='center'>pass</td>
</tr>

<tr class='passClass'>
    <td>src.tests.warehouse.categories.create_category.SubCategory</td>
    <td>3</td>
    <td>3</td>
    <td>0</td>
    <td>0</td>
    <td><a href="javascript:showClassDetail('c8',3)">Detail</a></td>
</tr>

<tr id='pt8.1' class='hiddenRow'>
    <td class='none'><div class='testcase'>test_1_create_sub_category</div></td>
    <td colspan='5' align='center'>pass</td>
</tr>

<tr id='pt8.2' class='hiddenRow'>
    <td class='none'><div class='testcase'>test_2_cant_remove_with_subcategory</div></td>
    <td colspan='5' align='center'>pass</td>
</tr>

<tr id='pt8.3' class='hiddenRow'>
    <td class='none'><div class='testcase'>test_3_remove_subcategory</div></td>
    <td colspan='5' align='center'>pass</td>
</tr>

<tr class='passClass'>
    <td>src.tests.warehouse.categories.delete_category.DeleteCategory</td>
    <td>2</td>
    <td>2</td>
    <td>0</td>
    <td>0</td>
    <td><a href="javascript:showClassDetail('c9',2)">Detail</a></td>
</tr>

<tr id='pt9.1' class='hiddenRow'>
    <td class='none'><div class='testcase'>test_1_remove_from_page</div></td>
    <td colspan='5' align='center'>pass</td>
</tr>

<tr id='pt9.2' class='hiddenRow'>
    <td class='none'><div class='testcase'>test_2_remove_from_dialog</div></td>
    <td colspan='5' align='center'>pass</td>
</tr>

<tr class='passClass'>
    <td>src.tests.warehouse.categories.delete_category.DeleteCategoryWithGood</td>
    <td>3</td>
    <td>3</td>
    <td>0</td>
    <td>0</td>
    <td><a href="javascript:showClassDetail('c10',3)">Detail</a></td>
</tr>

<tr id='pt10.1' class='hiddenRow'>
    <td class='none'><div class='testcase'>test_1_create_new_cat</div></td>
    <td colspan='5' align='center'>pass</td>
</tr>

<tr id='pt10.2' class='hiddenRow'>
    <td class='none'><div class='testcase'>test_2_post_item_with_cat</div></td>
    <td colspan='5' align='center'>pass</td>
</tr>

<tr id='pt10.3' class='hiddenRow'>
    <td class='none'><div class='testcase'>test_3_check_category_not_removed</div></td>
    <td colspan='5' align='center'>pass</td>
</tr>

<tr class='passClass'>
    <td>src.tests.warehouse.categories.edit_category.EditCategory</td>
    <td>2</td>
    <td>2</td>
    <td>0</td>
    <td>0</td>
    <td><a href="javascript:showClassDetail('c11',2)">Detail</a></td>
</tr>

<tr id='pt11.1' class='hiddenRow'>
    <td class='none'><div class='testcase'>test_1_edit_category_name</div></td>
    <td colspan='5' align='center'>pass</td>
</tr>

<tr id='pt11.2' class='hiddenRow'>
    <td class='none'><div class='testcase'>test_2_set_no_name</div></td>
    <td colspan='5' align='center'>pass</td>
</tr>

<tr class='passClass'>
    <td>src.tests.warehouse.stock.create_stock.CreateStock</td>
    <td>6</td>
    <td>6</td>
    <td>0</td>
    <td>0</td>
    <td><a href="javascript:showClassDetail('c12',6)">Detail</a></td>
</tr>

<tr id='pt12.1' class='hiddenRow'>
    <td class='none'><div class='testcase'>test_0_stock_dialog</div></td>
    <td colspan='5' align='center'>pass</td>
</tr>

<tr id='pt12.2' class='hiddenRow'>
    <td class='none'><div class='testcase'>test_1_no_name</div></td>
    <td colspan='5' align='center'>pass</td>
</tr>

<tr id='pt12.3' class='hiddenRow'>
    <td class='none'><div class='testcase'>test_2_switch_stock_type</div></td>
    <td colspan='5' align='center'>pass</td>
</tr>

<tr id='pt12.4' class='hiddenRow'>
    <td class='none'><div class='testcase'>test_3_create_local_stock</div></td>
    <td colspan='5' align='center'>pass</td>
</tr>

<tr id='pt12.5' class='hiddenRow'>
    <td class='none'><div class='testcase'>test_4_create_global_stock</div></td>
    <td colspan='5' align='center'>pass</td>
</tr>

<tr id='pt12.6' class='hiddenRow'>
    <td class='none'><div class='testcase'>test_5_choose_stock_from_dropdown</div></td>
    <td colspan='5' align='center'>pass</td>
</tr>

<tr class='passClass'>
    <td>src.tests.warehouse.stock.edit_stock.EditStock</td>
    <td>5</td>
    <td>5</td>
    <td>0</td>
    <td>0</td>
    <td><a href="javascript:showClassDetail('c13',5)">Detail</a></td>
</tr>

<tr id='pt13.1' class='hiddenRow'>
    <td class='none'><div class='testcase'>test_0_edit_dialog</div></td>
    <td colspan='5' align='center'>pass</td>
</tr>

<tr id='pt13.2' class='hiddenRow'>
    <td class='none'><div class='testcase'>test_1_no_name</div></td>
    <td colspan='5' align='center'>pass</td>
</tr>

<tr id='pt13.3' class='hiddenRow'>
    <td class='none'><div class='testcase'>test_2_change_name</div></td>
    <td colspan='5' align='center'>pass</td>
</tr>

<tr id='pt13.4' class='hiddenRow'>
    <td class='none'><div class='testcase'>test_3_edit_stock_local</div></td>
    <td colspan='5' align='center'>pass</td>
</tr>

<tr id='pt13.5' class='hiddenRow'>
    <td class='none'><div class='testcase'>test_4_edit_stock_global</div></td>
    <td colspan='5' align='center'>pass</td>
</tr>

<tr class='passClass'>
    <td>src.tests.warehouse.stock.delete_stock.DeleteStock</td>
    <td>2</td>
    <td>2</td>
    <td>0</td>
    <td>0</td>
    <td><a href="javascript:showClassDetail('c14',2)">Detail</a></td>
</tr>

<tr id='pt14.1' class='hiddenRow'>
    <td class='none'><div class='testcase'>test_1_remove_local_stock</div></td>
    <td colspan='5' align='center'>pass</td>
</tr>

<tr id='pt14.2' class='hiddenRow'>
    <td class='none'><div class='testcase'>test_2_remove_global_stock</div></td>
    <td colspan='5' align='center'>pass</td>
</tr>

<tr class='passClass'>
    <td>src.tests.warehouse.stock.delete_stock.DeleteLastStock</td>
    <td>2</td>
    <td>2</td>
    <td>0</td>
    <td>0</td>
    <td><a href="javascript:showClassDetail('c15',2)">Detail</a></td>
</tr>

<tr id='pt15.1' class='hiddenRow'>
    <td class='none'><div class='testcase'>test_0_clean_up</div></td>
    <td colspan='5' align='center'>pass</td>
</tr>

<tr id='pt15.2' class='hiddenRow'>
    <td class='none'><div class='testcase'>test_1_dont_remove_last_stock</div></td>
    <td colspan='5' align='center'>pass</td>
</tr>

<tr class='passClass'>
    <td>src.tests.warehouse.stock.delete_stock.DeleteStockWithItem</td>
    <td>3</td>
    <td>3</td>
    <td>0</td>
    <td>0</td>
    <td><a href="javascript:showClassDetail('c16',3)">Detail</a></td>
</tr>

<tr id='pt16.1' class='hiddenRow'>
    <td class='none'><div class='testcase'>test_1_create_stock</div></td>
    <td colspan='5' align='center'>pass</td>
</tr>

<tr id='pt16.2' class='hiddenRow'>
    <td class='none'><div class='testcase'>test_2_post_item_to_custom_stock</div></td>
    <td colspan='5' align='center'>pass</td>
</tr>

<tr id='pt16.3' class='hiddenRow'>
    <td class='none'><div class='testcase'>test_3_delete_stock_with_residue</div></td>
    <td colspan='5' align='center'>pass</td>
</tr>

<tr class='passClass'>
    <td>src.tests.warehouse.residue.create_residue.CreateResidue</td>
    <td>1</td>
    <td>1</td>
    <td>0</td>
    <td>0</td>
    <td><a href="javascript:showClassDetail('c17',1)">Detail</a></td>
</tr>

<tr id='pt17.1' class='hiddenRow'>
    <td class='none'><div class='testcase'>test_1_create_residue</div></td>
    <td colspan='5' align='center'>pass</td>
</tr>

<tr class='passClass'>
    <td>src.tests.warehouse.residue.validation.ValidateResidue</td>
    <td>3</td>
    <td>3</td>
    <td>0</td>
    <td>0</td>
    <td><a href="javascript:showClassDetail('c18',3)">Detail</a></td>
</tr>

<tr id='pt18.1' class='hiddenRow'>
    <td class='none'><div class='testcase'>test_0_create_residue</div></td>
    <td colspan='5' align='center'>pass</td>
</tr>

<tr id='pt18.2' class='hiddenRow'>
    <td class='none'><div class='testcase'>test_1_no_name</div></td>
    <td colspan='5' align='center'>pass</td>
</tr>

<tr id='pt18.3' class='hiddenRow'>
    <td class='none'><div class='testcase'>test_2_validate_prices</div></td>
    <td colspan='5' align='center'>pass</td>
</tr>

<tr class='passClass'>
    <td>src.tests.warehouse.residue.edit_residue.EditResidue</td>
    <td>1</td>
    <td>1</td>
    <td>0</td>
    <td>0</td>
    <td><a href="javascript:showClassDetail('c19',1)">Detail</a></td>
</tr>

<tr id='pt19.1' class='hiddenRow'>
    <td class='none'><div class='testcase'>test_0_residue_dialog</div></td>
    <td colspan='5' align='center'>pass</td>
</tr>

<tr class='passClass'>
    <td>src.tests.warehouse.residue.edit_residue.EditCategoryInResidue</td>
    <td>3</td>
    <td>3</td>
    <td>0</td>
    <td>0</td>
    <td><a href="javascript:showClassDetail('c20',3)">Detail</a></td>
</tr>

<tr id='pt20.1' class='hiddenRow'>
    <td class='none'><div class='testcase'>test_0_create_residue</div></td>
    <td colspan='5' align='center'>pass</td>
</tr>

<tr id='pt20.2' class='hiddenRow'>
    <td class='none'><div class='testcase'>test_1_create_category</div></td>
    <td colspan='5' align='center'>pass</td>
</tr>

<tr id='pt20.3' class='hiddenRow'>
    <td class='none'><div class='testcase'>test_2_edit_category_for_residue</div></td>
    <td colspan='5' align='center'>pass</td>
</tr>

<tr class='passClass'>
    <td>src.tests.warehouse.residue.edit_residue.EditItemDataInResidue</td>
    <td>3</td>
    <td>3</td>
    <td>0</td>
    <td>0</td>
    <td><a href="javascript:showClassDetail('c21',3)">Detail</a></td>
</tr>

<tr id='pt21.1' class='hiddenRow'>
    <td class='none'><div class='testcase'>test_0_preconditions</div></td>
    <td colspan='5' align='center'>pass</td>
</tr>

<tr id='pt21.2' class='hiddenRow'>
    <td class='none'><div class='testcase'>test_1_edit_item_data</div></td>
    <td colspan='5' align='center'>pass</td>
</tr>

<tr id='pt21.3' class='hiddenRow'>
    <td class='none'><div class='testcase'>test_2_edit_name</div></td>
    <td colspan='5' align='center'>pass</td>
</tr>

<tr class='passClass'>
    <td>src.tests.warehouse.residue.delete_residue.DeleteResidueFromTable</td>
    <td>3</td>
    <td>3</td>
    <td>0</td>
    <td>0</td>
    <td><a href="javascript:showClassDetail('c22',3)">Detail</a></td>
</tr>

<tr id='pt22.1' class='hiddenRow'>
    <td class='none'><div class='testcase'>test_0_create_posting</div></td>
    <td colspan='5' align='center'>pass</td>
</tr>

<tr id='pt22.2' class='hiddenRow'>
    <td class='none'><div class='testcase'>test_1_delete_posting</div></td>
    <td colspan='5' align='center'>pass</td>
</tr>

<tr id='pt22.3' class='hiddenRow'>
    <td class='none'><div class='testcase'>test_2_delete_residue</div></td>
    <td colspan='5' align='center'>pass</td>
</tr>

<tr class='passClass'>
    <td>src.tests.warehouse.residue.delete_residue.DeleteResidueFromForm</td>
    <td>3</td>
    <td>3</td>
    <td>0</td>
    <td>0</td>
    <td><a href="javascript:showClassDetail('c23',3)">Detail</a></td>
</tr>

<tr id='pt23.1' class='hiddenRow'>
    <td class='none'><div class='testcase'>test_0_create_posting</div></td>
    <td colspan='5' align='center'>pass</td>
</tr>

<tr id='pt23.2' class='hiddenRow'>
    <td class='none'><div class='testcase'>test_1_delete_posting</div></td>
    <td colspan='5' align='center'>pass</td>
</tr>

<tr id='pt23.3' class='hiddenRow'>
    <td class='none'><div class='testcase'>test_2_delete_residue</div></td>
    <td colspan='5' align='center'>pass</td>
</tr>

<tr class='passClass'>
    <td>src.tests.warehouse.residue.delete_residue.DeleteResidueHasAmount</td>
    <td>3</td>
    <td>3</td>
    <td>0</td>
    <td>0</td>
    <td><a href="javascript:showClassDetail('c24',3)">Detail</a></td>
</tr>

<tr id='pt24.1' class='hiddenRow'>
    <td class='none'><div class='testcase'>test_0_create_new_residue</div></td>
    <td colspan='5' align='center'>pass</td>
</tr>

<tr id='pt24.2' class='hiddenRow'>
    <td class='none'><div class='testcase'>test_1_cannot_delete_from_table</div></td>
    <td colspan='5' align='center'>pass</td>
</tr>

<tr id='pt24.3' class='hiddenRow'>
    <td class='none'><div class='testcase'>test_2_cannot_delete_from_form</div></td>
    <td colspan='5' align='center'>pass</td>
</tr>

<tr class='errorClass'>
    <td>src.tests.warehouse.outcome.create_write_off.CreateWriteOff</td>
    <td>3</td>
    <td>2</td>
    <td>0</td>
    <td>1</td>
    <td><a href="javascript:showClassDetail('c25',3)">Detail</a></td>
</tr>

<tr id='pt25.1' class='hiddenRow'>
    <td class='none'><div class='testcase'>test_0_open_close_dialog</div></td>
    <td colspan='5' align='center'>pass</td>
</tr>

<tr id='pt25.2' class='hiddenRow'>
    <td class='none'><div class='testcase'>test_1_create_posting</div></td>
    <td colspan='5' align='center'>pass</td>
</tr>

<tr id='ft25.3' class='none'>
    <td class='errorCase'><div class='testcase'>test_2_create_write_off</div></td>
    <td colspan='5' align='center'>

    <!--css div popup start-->
    <a class="popup_link" onfocus='this.blur();' href="javascript:showTestDetail('div_ft25.3')" >
        error</a>

    <div id='div_ft25.3' class="popup_window">
        <div style='text-align: right; color:red;cursor:pointer'>
        <a onfocus='this.blur();' onclick="document.getElementById('div_ft25.3').style.display = 'none' " >
           [x]</a>
        </div>
        <pre>
        
ft25.3: Traceback (most recent call last):
  File "/home/orderry/workspace/srt/src/tests/warehouse/outcome/create_write_off.py", line 77, in test_2_create_write_off
    make_write_off(self.driver, WRITE_OFF_DATA)
  File "/home/orderry/workspace/srt/src/tests/warehouse/lib/create.py", line 149, in make_write_off
    return submit_write_off(driver)
  File "/home/orderry/workspace/srt/src/tests/warehouse/lib/__init__.py", line 50, in submit_write_off
    return close_dialog(driver, SUBMIT_WRITEOFF_BTN_SEL, DIALOG_SEL)
  File "/home/orderry/workspace/srt/src/scaffolds/dialog.py", line 24, in close_dialog
    wait_to_click_selector(driver, selector)
  File "/home/orderry/workspace/srt/src/lib/wait.py", line 44, in wait_to_click_selector
    EC.element_to_be_clickable((By.CSS_SELECTOR, name))
  File "/usr/local/lib/python2.7/dist-packages/selenium/webdriver/support/wait.py", line 80, in until
    raise TimeoutException(message, screen, stacktrace)
TimeoutException: Message: 



        </pre>
    </div>
    <!--css div popup end-->

    </td>
</tr>

<tr class='errorClass'>
    <td>src.tests.warehouse.outcome.create_write_off.ValidateWriteOff</td>
    <td>1</td>
    <td>0</td>
    <td>0</td>
    <td>1</td>
    <td><a href="javascript:showClassDetail('c26',1)">Detail</a></td>
</tr>

<tr id='ft26.1' class='none'>
    <td class='errorCase'><div class='testcase'>test_1_no_item_added</div></td>
    <td colspan='5' align='center'>

    <!--css div popup start-->
    <a class="popup_link" onfocus='this.blur();' href="javascript:showTestDetail('div_ft26.1')" >
        error</a>

    <div id='div_ft26.1' class="popup_window">
        <div style='text-align: right; color:red;cursor:pointer'>
        <a onfocus='this.blur();' onclick="document.getElementById('div_ft26.1').style.display = 'none' " >
           [x]</a>
        </div>
        <pre>
        
ft26.1: Traceback (most recent call last):
  File "/home/orderry/workspace/srt/src/tests/warehouse/outcome/create_write_off.py", line 127, in test_1_no_item_added
    wait_to_click_selector(self.driver, ".js-save-dialog")
  File "/home/orderry/workspace/srt/src/lib/wait.py", line 44, in wait_to_click_selector
    EC.element_to_be_clickable((By.CSS_SELECTOR, name))
  File "/usr/local/lib/python2.7/dist-packages/selenium/webdriver/support/wait.py", line 80, in until
    raise TimeoutException(message, screen, stacktrace)
TimeoutException: Message: 



        </pre>
    </div>
    <!--css div popup end-->

    </td>
</tr>

<tr class='errorClass'>
    <td>src.tests.warehouse.outcome.create_write_off.CommentWriteOff</td>
    <td>2</td>
    <td>1</td>
    <td>0</td>
    <td>1</td>
    <td><a href="javascript:showClassDetail('c27',2)">Detail</a></td>
</tr>

<tr id='pt27.1' class='hiddenRow'>
    <td class='none'><div class='testcase'>test_0_create_posting</div></td>
    <td colspan='5' align='center'>pass</td>
</tr>

<tr id='ft27.2' class='none'>
    <td class='errorCase'><div class='testcase'>test_1_set_comment</div></td>
    <td colspan='5' align='center'>

    <!--css div popup start-->
    <a class="popup_link" onfocus='this.blur();' href="javascript:showTestDetail('div_ft27.2')" >
        error</a>

    <div id='div_ft27.2' class="popup_window">
        <div style='text-align: right; color:red;cursor:pointer'>
        <a onfocus='this.blur();' onclick="document.getElementById('div_ft27.2').style.display = 'none' " >
           [x]</a>
        </div>
        <pre>
        
ft27.2: Traceback (most recent call last):
  File "/home/orderry/workspace/srt/src/tests/warehouse/outcome/create_write_off.py", line 104, in test_1_set_comment
    submit_write_off(self.driver)
  File "/home/orderry/workspace/srt/src/tests/warehouse/lib/__init__.py", line 50, in submit_write_off
    return close_dialog(driver, SUBMIT_WRITEOFF_BTN_SEL, DIALOG_SEL)
  File "/home/orderry/workspace/srt/src/scaffolds/dialog.py", line 24, in close_dialog
    wait_to_click_selector(driver, selector)
  File "/home/orderry/workspace/srt/src/lib/wait.py", line 44, in wait_to_click_selector
    EC.element_to_be_clickable((By.CSS_SELECTOR, name))
  File "/usr/local/lib/python2.7/dist-packages/selenium/webdriver/support/wait.py", line 80, in until
    raise TimeoutException(message, screen, stacktrace)
TimeoutException: Message: 



        </pre>
    </div>
    <!--css div popup end-->

    </td>
</tr>

<tr class='errorClass'>
    <td>src.tests.warehouse.outcome.create_write_off.WriteOffAddRemoveGoods</td>
    <td>3</td>
    <td>1</td>
    <td>0</td>
    <td>2</td>
    <td><a href="javascript:showClassDetail('c28',3)">Detail</a></td>
</tr>

<tr id='ft28.1' class='none'>
    <td class='errorCase'><div class='testcase'>test_0_create_posting</div></td>
    <td colspan='5' align='center'>

    <!--css div popup start-->
    <a class="popup_link" onfocus='this.blur();' href="javascript:showTestDetail('div_ft28.1')" >
        error</a>

    <div id='div_ft28.1' class="popup_window">
        <div style='text-align: right; color:red;cursor:pointer'>
        <a onfocus='this.blur();' onclick="document.getElementById('div_ft28.1').style.display = 'none' " >
           [x]</a>
        </div>
        <pre>
        
ft28.1: Traceback (most recent call last):
  File "/home/orderry/workspace/srt/src/tests/warehouse/outcome/create_write_off.py", line 145, in test_0_create_posting
    create_posting(self.driver, WO_DATA_1)
  File "/home/orderry/workspace/srt/src/tests/warehouse/lib/create.py", line 55, in create_posting
    open_posting_dialog(driver)
  File "/home/orderry/workspace/srt/src/tests/warehouse/lib/__init__.py", line 27, in open_posting_dialog
    driver, ".js-wh-posting", make_selector(DIALOG_SEL, ".js-warehouses [name=warehouse]"),
  File "/home/orderry/workspace/srt/src/scaffolds/dialog.py", line 19, in open_dialog
    find_element_by_selector(driver, selector, selector_idx).click()
  File "/usr/local/lib/python2.7/dist-packages/selenium/webdriver/remote/webelement.py", line 80, in click
    self._execute(Command.CLICK_ELEMENT)
  File "/usr/local/lib/python2.7/dist-packages/selenium/webdriver/remote/webelement.py", line 501, in _execute
    return self._parent.execute(command, params)
  File "/usr/local/lib/python2.7/dist-packages/selenium/webdriver/remote/webdriver.py", line 308, in execute
    self.error_handler.check_response(response)
  File "/usr/local/lib/python2.7/dist-packages/selenium/webdriver/remote/errorhandler.py", line 194, in check_response
    raise exception_class(message, screen, stacktrace)
WebDriverException: Message: unknown error: Element &lt;button class="b-btn b-btn_color_green h-mr-10 js-wh-posting"&gt;...&lt;/button&gt; is not clickable at point (201, 171). Other element would receive the click: &lt;div id="mk-dg-10c52447133d" class="h-dialog-mask" style="cursor: pointer; opacity: 0.5;"&gt;&lt;/div&gt;
  (Session info: chrome=61.0.3163.100)
  (Driver info: chromedriver=2.32.498513 (2c63aa53b2c658de596ed550eb5267ec5967b351),platform=Linux 4.10.0-35-generic x86_64)



        </pre>
    </div>
    <!--css div popup end-->

    </td>
</tr>

<tr id='ft28.2' class='none'>
    <td class='errorCase'><div class='testcase'>test_1_add_item</div></td>
    <td colspan='5' align='center'>

    <!--css div popup start-->
    <a class="popup_link" onfocus='this.blur();' href="javascript:showTestDetail('div_ft28.2')" >
        error</a>

    <div id='div_ft28.2' class="popup_window">
        <div style='text-align: right; color:red;cursor:pointer'>
        <a onfocus='this.blur();' onclick="document.getElementById('div_ft28.2').style.display = 'none' " >
           [x]</a>
        </div>
        <pre>
        
ft28.2: Traceback (most recent call last):
  File "/home/orderry/workspace/srt/src/tests/warehouse/outcome/create_write_off.py", line 150, in test_1_add_item
    open_write_off(self.driver)
  File "/home/orderry/workspace/srt/src/tests/warehouse/lib/__init__.py", line 44, in open_write_off
    return open_dialog(driver, ".js-wh-outcome", DIALOG_SEL)
  File "/home/orderry/workspace/srt/src/scaffolds/dialog.py", line 19, in open_dialog
    find_element_by_selector(driver, selector, selector_idx).click()
  File "/usr/local/lib/python2.7/dist-packages/selenium/webdriver/remote/webelement.py", line 80, in click
    self._execute(Command.CLICK_ELEMENT)
  File "/usr/local/lib/python2.7/dist-packages/selenium/webdriver/remote/webelement.py", line 501, in _execute
    return self._parent.execute(command, params)
  File "/usr/local/lib/python2.7/dist-packages/selenium/webdriver/remote/webdriver.py", line 308, in execute
    self.error_handler.check_response(response)
  File "/usr/local/lib/python2.7/dist-packages/selenium/webdriver/remote/errorhandler.py", line 194, in check_response
    raise exception_class(message, screen, stacktrace)
WebDriverException: Message: unknown error: Element &lt;button class="b-btn b-btn_color_green h-mr-10 js-wh-outcome"&gt;...&lt;/button&gt; is not clickable at point (181, 171). Other element would receive the click: &lt;div id="mk-dg-10c52447133d" class="h-dialog-mask" style="cursor: pointer; opacity: 0.5;"&gt;&lt;/div&gt;
  (Session info: chrome=61.0.3163.100)
  (Driver info: chromedriver=2.32.498513 (2c63aa53b2c658de596ed550eb5267ec5967b351),platform=Linux 4.10.0-35-generic x86_64)



        </pre>
    </div>
    <!--css div popup end-->

    </td>
</tr>

<tr id='pt28.3' class='hiddenRow'>
    <td class='none'><div class='testcase'>test_2_remove_item</div></td>
    <td colspan='5' align='center'>pass</td>
</tr>

<tr class='errorClass'>
    <td>src.tests.warehouse.outcome.delete_write_off.DeleteWriteOff</td>
    <td>3</td>
    <td>1</td>
    <td>0</td>
    <td>2</td>
    <td><a href="javascript:showClassDetail('c29',3)">Detail</a></td>
</tr>

<tr id='pt29.1' class='hiddenRow'>
    <td class='none'><div class='testcase'>test_0_create_posting</div></td>
    <td colspan='5' align='center'>pass</td>
</tr>

<tr id='ft29.2' class='none'>
    <td class='errorCase'><div class='testcase'>test_1_create_outcome</div></td>
    <td colspan='5' align='center'>

    <!--css div popup start-->
    <a class="popup_link" onfocus='this.blur();' href="javascript:showTestDetail('div_ft29.2')" >
        error</a>

    <div id='div_ft29.2' class="popup_window">
        <div style='text-align: right; color:red;cursor:pointer'>
        <a onfocus='this.blur();' onclick="document.getElementById('div_ft29.2').style.display = 'none' " >
           [x]</a>
        </div>
        <pre>
        
ft29.2: Traceback (most recent call last):
  File "/home/orderry/workspace/srt/src/tests/warehouse/outcome/delete_write_off.py", line 37, in test_1_create_outcome
    make_write_off(self.driver, W0_REMOVE_DATA)
  File "/home/orderry/workspace/srt/src/tests/warehouse/lib/create.py", line 149, in make_write_off
    return submit_write_off(driver)
  File "/home/orderry/workspace/srt/src/tests/warehouse/lib/__init__.py", line 50, in submit_write_off
    return close_dialog(driver, SUBMIT_WRITEOFF_BTN_SEL, DIALOG_SEL)
  File "/home/orderry/workspace/srt/src/scaffolds/dialog.py", line 24, in close_dialog
    wait_to_click_selector(driver, selector)
  File "/home/orderry/workspace/srt/src/lib/wait.py", line 44, in wait_to_click_selector
    EC.element_to_be_clickable((By.CSS_SELECTOR, name))
  File "/usr/local/lib/python2.7/dist-packages/selenium/webdriver/support/wait.py", line 80, in until
    raise TimeoutException(message, screen, stacktrace)
TimeoutException: Message: 



        </pre>
    </div>
    <!--css div popup end-->

    </td>
</tr>

<tr id='ft29.3' class='none'>
    <td class='errorCase'><div class='testcase'>test_2_remove_outcome</div></td>
    <td colspan='5' align='center'>

    <!--css div popup start-->
    <a class="popup_link" onfocus='this.blur();' href="javascript:showTestDetail('div_ft29.3')" >
        error</a>

    <div id='div_ft29.3' class="popup_window">
        <div style='text-align: right; color:red;cursor:pointer'>
        <a onfocus='this.blur();' onclick="document.getElementById('div_ft29.3').style.display = 'none' " >
           [x]</a>
        </div>
        <pre>
        
ft29.3: Traceback (most recent call last):
  File "/home/orderry/workspace/srt/src/tests/warehouse/outcome/delete_write_off.py", line 43, in test_2_remove_outcome
    return raise_error(delete_trans(self.driver), MSG)
  File "/home/orderry/workspace/srt/src/tests/warehouse/lib/clean_up.py", line 67, in delete_trans
    remove_item_from_grid(driver, ".js-grid tbody")
  File "/home/orderry/workspace/srt/src/scaffolds/grid.py", line 107, in remove_item_from_grid
    make_remove_btn_selector(grid_sel)
  File "/usr/local/lib/python2.7/dist-packages/selenium/webdriver/remote/webdriver.py", line 509, in find_element_by_css_selector
    return self.find_element(by=By.CSS_SELECTOR, value=css_selector)
  File "/usr/local/lib/python2.7/dist-packages/selenium/webdriver/remote/webdriver.py", line 843, in find_element
    'value': value})['value']
  File "/usr/local/lib/python2.7/dist-packages/selenium/webdriver/remote/webdriver.py", line 308, in execute
    self.error_handler.check_response(response)
  File "/usr/local/lib/python2.7/dist-packages/selenium/webdriver/remote/errorhandler.py", line 194, in check_response
    raise exception_class(message, screen, stacktrace)
NoSuchElementException: Message: no such element: Unable to locate element: {"method":"css selector","selector":".js-grid tbody .h-remove-link"}
  (Session info: chrome=61.0.3163.100)
  (Driver info: chromedriver=2.32.498513 (2c63aa53b2c658de596ed550eb5267ec5967b351),platform=Linux 4.10.0-35-generic x86_64)



        </pre>
    </div>
    <!--css div popup end-->

    </td>
</tr>

<tr class='errorClass'>
    <td>src.tests.warehouse.barcode.create_barcode.ValidateBarcode</td>
    <td>2</td>
    <td>0</td>
    <td>0</td>
    <td>2</td>
    <td><a href="javascript:showClassDetail('c30',2)">Detail</a></td>
</tr>

<tr id='ft30.1' class='none'>
    <td class='errorCase'><div class='testcase'>test_0_create_item</div></td>
    <td colspan='5' align='center'>

    <!--css div popup start-->
    <a class="popup_link" onfocus='this.blur();' href="javascript:showTestDetail('div_ft30.1')" >
        error</a>

    <div id='div_ft30.1' class="popup_window">
        <div style='text-align: right; color:red;cursor:pointer'>
        <a onfocus='this.blur();' onclick="document.getElementById('div_ft30.1').style.display = 'none' " >
           [x]</a>
        </div>
        <pre>
        
ft30.1: Traceback (most recent call last):
  File "/home/orderry/workspace/srt/src/tests/warehouse/barcode/create_barcode.py", line 76, in test_0_create_item
    create_posting(self.driver, ITEM_FOR_BARCODE)
  File "/home/orderry/workspace/srt/src/tests/warehouse/lib/create.py", line 55, in create_posting
    open_posting_dialog(driver)
  File "/home/orderry/workspace/srt/src/tests/warehouse/lib/__init__.py", line 27, in open_posting_dialog
    driver, ".js-wh-posting", make_selector(DIALOG_SEL, ".js-warehouses [name=warehouse]"),
  File "/home/orderry/workspace/srt/src/scaffolds/dialog.py", line 19, in open_dialog
    find_element_by_selector(driver, selector, selector_idx).click()
  File "/usr/local/lib/python2.7/dist-packages/selenium/webdriver/remote/webelement.py", line 80, in click
    self._execute(Command.CLICK_ELEMENT)
  File "/usr/local/lib/python2.7/dist-packages/selenium/webdriver/remote/webelement.py", line 501, in _execute
    return self._parent.execute(command, params)
  File "/usr/local/lib/python2.7/dist-packages/selenium/webdriver/remote/webdriver.py", line 308, in execute
    self.error_handler.check_response(response)
  File "/usr/local/lib/python2.7/dist-packages/selenium/webdriver/remote/errorhandler.py", line 194, in check_response
    raise exception_class(message, screen, stacktrace)
WebDriverException: Message: unknown error: Element &lt;button class="b-btn b-btn_color_green h-mr-10 js-wh-posting"&gt;...&lt;/button&gt; is not clickable at point (201, 171). Other element would receive the click: &lt;div id="mk-dg-6c658437d75b" class="h-dialog-mask" style="cursor: pointer; opacity: 0.5;"&gt;&lt;/div&gt;
  (Session info: chrome=61.0.3163.100)
  (Driver info: chromedriver=2.32.498513 (2c63aa53b2c658de596ed550eb5267ec5967b351),platform=Linux 4.10.0-35-generic x86_64)



        </pre>
    </div>
    <!--css div popup end-->

    </td>
</tr>

<tr id='ft30.2' class='none'>
    <td class='errorCase'><div class='testcase'>test_1_no_data_set</div></td>
    <td colspan='5' align='center'>

    <!--css div popup start-->
    <a class="popup_link" onfocus='this.blur();' href="javascript:showTestDetail('div_ft30.2')" >
        error</a>

    <div id='div_ft30.2' class="popup_window">
        <div style='text-align: right; color:red;cursor:pointer'>
        <a onfocus='this.blur();' onclick="document.getElementById('div_ft30.2').style.display = 'none' " >
           [x]</a>
        </div>
        <pre>
        
ft30.2: Traceback (most recent call last):
  File "/home/orderry/workspace/srt/src/tests/warehouse/barcode/create_barcode.py", line 83, in test_1_no_data_set
    open_residue_dialog(self.driver)
  File "/home/orderry/workspace/srt/src/tests/warehouse/lib/__init__.py", line 36, in open_residue_dialog
    return open_dialog(driver, ".js-edit-button", DIALOG_SEL)
  File "/home/orderry/workspace/srt/src/scaffolds/dialog.py", line 18, in open_dialog
    wait_to_click_selector(driver, selector)
  File "/home/orderry/workspace/srt/src/lib/wait.py", line 44, in wait_to_click_selector
    EC.element_to_be_clickable((By.CSS_SELECTOR, name))
  File "/usr/local/lib/python2.7/dist-packages/selenium/webdriver/support/wait.py", line 80, in until
    raise TimeoutException(message, screen, stacktrace)
TimeoutException: Message: 



        </pre>
    </div>
    <!--css div popup end-->

    </td>
</tr>

<tr class='errorClass'>
    <td>unittest.suite._ErrorHolder</td>
    <td>7</td>
    <td>0</td>
    <td>0</td>
    <td>7</td>
    <td><a href="javascript:showClassDetail('c31',7)">Detail</a></td>
</tr>

<tr id='ft31.1' class='none'>
    <td class='errorCase'><div class='testcase'>GenerateBarcode)</div></td>
    <td colspan='5' align='center'>

    <!--css div popup start-->
    <a class="popup_link" onfocus='this.blur();' href="javascript:showTestDetail('div_ft31.1')" >
        error</a>

    <div id='div_ft31.1' class="popup_window">
        <div style='text-align: right; color:red;cursor:pointer'>
        <a onfocus='this.blur();' onclick="document.getElementById('div_ft31.1').style.display = 'none' " >
           [x]</a>
        </div>
        <pre>
        
ft31.1: Traceback (most recent call last):
  File "/home/orderry/workspace/srt/src/tests/warehouse/barcode/create_barcode.py", line 104, in setUpClass
    create_posting(cls.driver, ITEM_FOR_GENERATING_BARCODE)
  File "/home/orderry/workspace/srt/src/tests/warehouse/lib/create.py", line 55, in create_posting
    open_posting_dialog(driver)
  File "/home/orderry/workspace/srt/src/tests/warehouse/lib/__init__.py", line 27, in open_posting_dialog
    driver, ".js-wh-posting", make_selector(DIALOG_SEL, ".js-warehouses [name=warehouse]"),
  File "/home/orderry/workspace/srt/src/scaffolds/dialog.py", line 19, in open_dialog
    find_element_by_selector(driver, selector, selector_idx).click()
  File "/usr/local/lib/python2.7/dist-packages/selenium/webdriver/remote/webelement.py", line 80, in click
    self._execute(Command.CLICK_ELEMENT)
  File "/usr/local/lib/python2.7/dist-packages/selenium/webdriver/remote/webelement.py", line 501, in _execute
    return self._parent.execute(command, params)
  File "/usr/local/lib/python2.7/dist-packages/selenium/webdriver/remote/webdriver.py", line 308, in execute
    self.error_handler.check_response(response)
  File "/usr/local/lib/python2.7/dist-packages/selenium/webdriver/remote/errorhandler.py", line 194, in check_response
    raise exception_class(message, screen, stacktrace)
WebDriverException: Message: unknown error: Element &lt;button class="b-btn b-btn_color_green h-mr-10 js-wh-posting"&gt;...&lt;/button&gt; is not clickable at point (201, 171). Other element would receive the click: &lt;div id="mk-dg-6c658437d75b" class="h-dialog-mask" style="cursor: pointer; opacity: 0.5;"&gt;&lt;/div&gt;
  (Session info: chrome=61.0.3163.100)
  (Driver info: chromedriver=2.32.498513 (2c63aa53b2c658de596ed550eb5267ec5967b351),platform=Linux 4.10.0-35-generic x86_64)



        </pre>
    </div>
    <!--css div popup end-->

    </td>
</tr>

<tr id='ft31.2' class='none'>
    <td class='errorCase'><div class='testcase'>FilterTestsForResidueGrid)</div></td>
    <td colspan='5' align='center'>

    <!--css div popup start-->
    <a class="popup_link" onfocus='this.blur();' href="javascript:showTestDetail('div_ft31.2')" >
        error</a>

    <div id='div_ft31.2' class="popup_window">
        <div style='text-align: right; color:red;cursor:pointer'>
        <a onfocus='this.blur();' onclick="document.getElementById('div_ft31.2').style.display = 'none' " >
           [x]</a>
        </div>
        <pre>
        
ft31.2: Traceback (most recent call last):
  File "/home/orderry/workspace/srt/src/tests/warehouse/instock_filter.py", line 86, in setUpClass
    make_write_off(cls.driver, cls.part_for_zero_residue)
  File "/home/orderry/workspace/srt/src/tests/warehouse/lib/create.py", line 149, in make_write_off
    return submit_write_off(driver)
  File "/home/orderry/workspace/srt/src/tests/warehouse/lib/__init__.py", line 50, in submit_write_off
    return close_dialog(driver, SUBMIT_WRITEOFF_BTN_SEL, DIALOG_SEL)
  File "/home/orderry/workspace/srt/src/scaffolds/dialog.py", line 24, in close_dialog
    wait_to_click_selector(driver, selector)
  File "/home/orderry/workspace/srt/src/lib/wait.py", line 44, in wait_to_click_selector
    EC.element_to_be_clickable((By.CSS_SELECTOR, name))
  File "/usr/local/lib/python2.7/dist-packages/selenium/webdriver/support/wait.py", line 80, in until
    raise TimeoutException(message, screen, stacktrace)
TimeoutException: Message: 



        </pre>
    </div>
    <!--css div popup end-->

    </td>
</tr>

<tr id='ft31.3' class='none'>
    <td class='errorCase'><div class='testcase'>FilterTestsForBatches)</div></td>
    <td colspan='5' align='center'>

    <!--css div popup start-->
    <a class="popup_link" onfocus='this.blur();' href="javascript:showTestDetail('div_ft31.3')" >
        error</a>

    <div id='div_ft31.3' class="popup_window">
        <div style='text-align: right; color:red;cursor:pointer'>
        <a onfocus='this.blur();' onclick="document.getElementById('div_ft31.3').style.display = 'none' " >
           [x]</a>
        </div>
        <pre>
        
ft31.3: Traceback (most recent call last):
  File "/home/orderry/workspace/srt/src/tests/warehouse/instock_filter.py", line 169, in setUpClass
    create_posting(cls.driver, cls.data_for_part)
  File "/home/orderry/workspace/srt/src/tests/warehouse/lib/create.py", line 55, in create_posting
    open_posting_dialog(driver)
  File "/home/orderry/workspace/srt/src/tests/warehouse/lib/__init__.py", line 27, in open_posting_dialog
    driver, ".js-wh-posting", make_selector(DIALOG_SEL, ".js-warehouses [name=warehouse]"),
  File "/home/orderry/workspace/srt/src/scaffolds/dialog.py", line 19, in open_dialog
    find_element_by_selector(driver, selector, selector_idx).click()
  File "/usr/local/lib/python2.7/dist-packages/selenium/webdriver/remote/webelement.py", line 80, in click
    self._execute(Command.CLICK_ELEMENT)
  File "/usr/local/lib/python2.7/dist-packages/selenium/webdriver/remote/webelement.py", line 501, in _execute
    return self._parent.execute(command, params)
  File "/usr/local/lib/python2.7/dist-packages/selenium/webdriver/remote/webdriver.py", line 308, in execute
    self.error_handler.check_response(response)
  File "/usr/local/lib/python2.7/dist-packages/selenium/webdriver/remote/errorhandler.py", line 194, in check_response
    raise exception_class(message, screen, stacktrace)
WebDriverException: Message: unknown error: Element &lt;button class="b-btn b-btn_color_green h-mr-10 js-wh-posting"&gt;...&lt;/button&gt; is not clickable at point (201, 171). Other element would receive the click: &lt;div id="mk-dg-5e640437c257" class="h-dialog-mask" style="cursor: pointer; opacity: 0.5;"&gt;&lt;/div&gt;
  (Session info: chrome=61.0.3163.100)
  (Driver info: chromedriver=2.32.498513 (2c63aa53b2c658de596ed550eb5267ec5967b351),platform=Linux 4.10.0-35-generic x86_64)



        </pre>
    </div>
    <!--css div popup end-->

    </td>
</tr>

<tr id='ft31.4' class='none'>
    <td class='errorCase'><div class='testcase'>CreateBatchesValidation)</div></td>
    <td colspan='5' align='center'>

    <!--css div popup start-->
    <a class="popup_link" onfocus='this.blur();' href="javascript:showTestDetail('div_ft31.4')" >
        error</a>

    <div id='div_ft31.4' class="popup_window">
        <div style='text-align: right; color:red;cursor:pointer'>
        <a onfocus='this.blur();' onclick="document.getElementById('div_ft31.4').style.display = 'none' " >
           [x]</a>
        </div>
        <pre>
        
ft31.4: Traceback (most recent call last):
  File "/home/orderry/workspace/srt/src/tests/warehouse/batches/create.py", line 107, in tearDownClass
    close_part_dialog(cls.driver)
  File "/home/orderry/workspace/srt/src/tests/warehouse/batches/lib.py", line 45, in close_part_dialog
    return close_dialog(driver, ".js-close-dialog", ".js-close-dialog")
  File "/home/orderry/workspace/srt/src/scaffolds/dialog.py", line 25, in close_dialog
    find_element_by_selector(driver, selector).click()
  File "/usr/local/lib/python2.7/dist-packages/selenium/webdriver/remote/webelement.py", line 80, in click
    self._execute(Command.CLICK_ELEMENT)
  File "/usr/local/lib/python2.7/dist-packages/selenium/webdriver/remote/webelement.py", line 501, in _execute
    return self._parent.execute(command, params)
  File "/usr/local/lib/python2.7/dist-packages/selenium/webdriver/remote/webdriver.py", line 308, in execute
    self.error_handler.check_response(response)
  File "/usr/local/lib/python2.7/dist-packages/selenium/webdriver/remote/errorhandler.py", line 194, in check_response
    raise exception_class(message, screen, stacktrace)
WebDriverException: Message: unknown error: Element &lt;button class="js-close-dialog b-btn b-btn_color_trans" type="button"&gt;...&lt;/button&gt; is not clickable at point (1024, 916). Other element would receive the click: &lt;td colspan="5" class="h-pt-5"&gt;&lt;/td&gt;
  (Session info: chrome=61.0.3163.100)
  (Driver info: chromedriver=2.32.498513 (2c63aa53b2c658de596ed550eb5267ec5967b351),platform=Linux 4.10.0-35-generic x86_64)



        </pre>
    </div>
    <!--css div popup end-->

    </td>
</tr>

<tr id='ft31.5' class='none'>
    <td class='errorCase'><div class='testcase'>MoveSaleBatchesTests)</div></td>
    <td colspan='5' align='center'>

    <!--css div popup start-->
    <a class="popup_link" onfocus='this.blur();' href="javascript:showTestDetail('div_ft31.5')" >
        error</a>

    <div id='div_ft31.5' class="popup_window">
        <div style='text-align: right; color:red;cursor:pointer'>
        <a onfocus='this.blur();' onclick="document.getElementById('div_ft31.5').style.display = 'none' " >
           [x]</a>
        </div>
        <pre>
        
ft31.5: Traceback (most recent call last):
  File "/home/orderry/workspace/srt/src/tests/warehouse/batches/move.py", line 59, in setUpClass
    create_posting(cls.driver, cls.item_data)
  File "/home/orderry/workspace/srt/src/tests/warehouse/lib/create.py", line 55, in create_posting
    open_posting_dialog(driver)
  File "/home/orderry/workspace/srt/src/tests/warehouse/lib/__init__.py", line 27, in open_posting_dialog
    driver, ".js-wh-posting", make_selector(DIALOG_SEL, ".js-warehouses [name=warehouse]"),
  File "/home/orderry/workspace/srt/src/scaffolds/dialog.py", line 19, in open_dialog
    find_element_by_selector(driver, selector, selector_idx).click()
  File "/usr/local/lib/python2.7/dist-packages/selenium/webdriver/remote/webelement.py", line 80, in click
    self._execute(Command.CLICK_ELEMENT)
  File "/usr/local/lib/python2.7/dist-packages/selenium/webdriver/remote/webelement.py", line 501, in _execute
    return self._parent.execute(command, params)
  File "/usr/local/lib/python2.7/dist-packages/selenium/webdriver/remote/webdriver.py", line 308, in execute
    self.error_handler.check_response(response)
  File "/usr/local/lib/python2.7/dist-packages/selenium/webdriver/remote/errorhandler.py", line 194, in check_response
    raise exception_class(message, screen, stacktrace)
WebDriverException: Message: unknown error: Element &lt;button class="b-btn b-btn_color_green h-mr-10 js-wh-posting"&gt;...&lt;/button&gt; is not clickable at point (201, 171). Other element would receive the click: &lt;div id="mk-dg-b33544a785db" class="h-dialog-mask" style="cursor: pointer; opacity: 0.5;"&gt;&lt;/div&gt;
  (Session info: chrome=61.0.3163.100)
  (Driver info: chromedriver=2.32.498513 (2c63aa53b2c658de596ed550eb5267ec5967b351),platform=Linux 4.10.0-35-generic x86_64)



        </pre>
    </div>
    <!--css div popup end-->

    </td>
</tr>

<tr id='ft31.6' class='none'>
    <td class='errorCase'><div class='testcase'>WriteOffBatchesTests)</div></td>
    <td colspan='5' align='center'>

    <!--css div popup start-->
    <a class="popup_link" onfocus='this.blur();' href="javascript:showTestDetail('div_ft31.6')" >
        error</a>

    <div id='div_ft31.6' class="popup_window">
        <div style='text-align: right; color:red;cursor:pointer'>
        <a onfocus='this.blur();' onclick="document.getElementById('div_ft31.6').style.display = 'none' " >
           [x]</a>
        </div>
        <pre>
        
ft31.6: Traceback (most recent call last):
  File "/home/orderry/workspace/srt/src/tests/warehouse/batches/move.py", line 197, in setUpClass
    create_posting(cls.driver, cls.item_data)
  File "/home/orderry/workspace/srt/src/tests/warehouse/lib/create.py", line 55, in create_posting
    open_posting_dialog(driver)
  File "/home/orderry/workspace/srt/src/tests/warehouse/lib/__init__.py", line 27, in open_posting_dialog
    driver, ".js-wh-posting", make_selector(DIALOG_SEL, ".js-warehouses [name=warehouse]"),
  File "/home/orderry/workspace/srt/src/scaffolds/dialog.py", line 19, in open_dialog
    find_element_by_selector(driver, selector, selector_idx).click()
  File "/usr/local/lib/python2.7/dist-packages/selenium/webdriver/remote/webelement.py", line 80, in click
    self._execute(Command.CLICK_ELEMENT)
  File "/usr/local/lib/python2.7/dist-packages/selenium/webdriver/remote/webelement.py", line 501, in _execute
    return self._parent.execute(command, params)
  File "/usr/local/lib/python2.7/dist-packages/selenium/webdriver/remote/webdriver.py", line 308, in execute
    self.error_handler.check_response(response)
  File "/usr/local/lib/python2.7/dist-packages/selenium/webdriver/remote/errorhandler.py", line 194, in check_response
    raise exception_class(message, screen, stacktrace)
WebDriverException: Message: unknown error: Element &lt;button class="b-btn b-btn_color_green h-mr-10 js-wh-posting"&gt;...&lt;/button&gt; is not clickable at point (201, 171). Other element would receive the click: &lt;div id="mk-dg-e5e29477f718" class="h-dialog-mask" style="cursor: pointer; opacity: 0.5;"&gt;&lt;/div&gt;
  (Session info: chrome=61.0.3163.100)
  (Driver info: chromedriver=2.32.498513 (2c63aa53b2c658de596ed550eb5267ec5967b351),platform=Linux 4.10.0-35-generic x86_64)



        </pre>
    </div>
    <!--css div popup end-->

    </td>
</tr>

<tr id='ft31.7' class='none'>
    <td class='errorCase'><div class='testcase'>WarehouseMoveBatchesTests)</div></td>
    <td colspan='5' align='center'>

    <!--css div popup start-->
    <a class="popup_link" onfocus='this.blur();' href="javascript:showTestDetail('div_ft31.7')" >
        error</a>

    <div id='div_ft31.7' class="popup_window">
        <div style='text-align: right; color:red;cursor:pointer'>
        <a onfocus='this.blur();' onclick="document.getElementById('div_ft31.7').style.display = 'none' " >
           [x]</a>
        </div>
        <pre>
        
ft31.7: Traceback (most recent call last):
  File "/home/orderry/workspace/srt/src/tests/warehouse/batches/move.py", line 244, in setUpClass
    create_movement(cls.driver, cls.item_data['title'], cls.stock_name)
  File "/home/orderry/workspace/srt/src/tests/warehouse/batches/lib.py", line 53, in create_movement
    return close_dialog(driver, ".js-save-dialog", ".js-save-dialog")
  File "/home/orderry/workspace/srt/src/scaffolds/dialog.py", line 24, in close_dialog
    wait_to_click_selector(driver, selector)
  File "/home/orderry/workspace/srt/src/lib/wait.py", line 44, in wait_to_click_selector
    EC.element_to_be_clickable((By.CSS_SELECTOR, name))
  File "/usr/local/lib/python2.7/dist-packages/selenium/webdriver/support/wait.py", line 80, in until
    raise TimeoutException(message, screen, stacktrace)
TimeoutException: Message: 



        </pre>
    </div>
    <!--css div popup end-->

    </td>
</tr>

<tr class='passClass'>
    <td>src.tests.warehouse.barcode.create_barcode.CreateBarcode</td>
    <td>2</td>
    <td>2</td>
    <td>0</td>
    <td>0</td>
    <td><a href="javascript:showClassDetail('c32',2)">Detail</a></td>
</tr>

<tr id='pt32.1' class='hiddenRow'>
    <td class='none'><div class='testcase'>test_1_create_ean_13</div></td>
    <td colspan='5' align='center'>pass</td>
</tr>

<tr id='pt32.2' class='hiddenRow'>
    <td class='none'><div class='testcase'>test_2_create_ean_8</div></td>
    <td colspan='5' align='center'>pass</td>
</tr>

<tr class='passClass'>
    <td>src.tests.warehouse.barcode.delete_barcode.RemoveBarcode</td>
    <td>3</td>
    <td>3</td>
    <td>0</td>
    <td>0</td>
    <td><a href="javascript:showClassDetail('c33',3)">Detail</a></td>
</tr>

<tr id='pt33.1' class='hiddenRow'>
    <td class='none'><div class='testcase'>test_1_create_item</div></td>
    <td colspan='5' align='center'>pass</td>
</tr>

<tr id='pt33.2' class='hiddenRow'>
    <td class='none'><div class='testcase'>test_2_remove_ean_13_barcode</div></td>
    <td colspan='5' align='center'>pass</td>
</tr>

<tr id='pt33.3' class='hiddenRow'>
    <td class='none'><div class='testcase'>test_3_remove_ean_8_barcode</div></td>
    <td colspan='5' align='center'>pass</td>
</tr>

<tr class='passClass'>
    <td>src.tests.warehouse.barcode.create_barcode.CreatePostingBarcode</td>
    <td>1</td>
    <td>1</td>
    <td>0</td>
    <td>0</td>
    <td><a href="javascript:showClassDetail('c34',1)">Detail</a></td>
</tr>

<tr id='pt34.1' class='hiddenRow'>
    <td class='none'><div class='testcase'>test_1_create_item_with_ean_13</div></td>
    <td colspan='5' align='center'>pass</td>
</tr>

<tr class='errorClass'>
    <td>src.tests.warehouse.batches.create.CreateBatchesValidation</td>
    <td>3</td>
    <td>2</td>
    <td>0</td>
    <td>1</td>
    <td><a href="javascript:showClassDetail('c35',3)">Detail</a></td>
</tr>

<tr id='pt35.1' class='hiddenRow'>
    <td class='none'><div class='testcase'>test1_posting</div></td>
    <td colspan='5' align='center'>pass</td>
</tr>

<tr id='pt35.2' class='hiddenRow'>
    <td class='none'><div class='testcase'>test2_refund_with_sale</div></td>
    <td colspan='5' align='center'>pass</td>
</tr>

<tr id='ft35.3' class='none'>
    <td class='errorCase'><div class='testcase'>test3_refund_with_order</div></td>
    <td colspan='5' align='center'>

    <!--css div popup start-->
    <a class="popup_link" onfocus='this.blur();' href="javascript:showTestDetail('div_ft35.3')" >
        error</a>

    <div id='div_ft35.3' class="popup_window">
        <div style='text-align: right; color:red;cursor:pointer'>
        <a onfocus='this.blur();' onclick="document.getElementById('div_ft35.3').style.display = 'none' " >
           [x]</a>
        </div>
        <pre>
        
ft35.3: Traceback (most recent call last):
  File "/home/orderry/workspace/srt/src/tests/warehouse/batches/create.py", line 89, in test3_refund_with_order
    add_part_by_title(self.driver, self.item_data['title'])
  File "/home/orderry/workspace/srt/src/tests/orders/spare_parts_and_works/lib/part.py", line 109, in add_part_by_title
    return close_dialog(driver, SUBMIT_WRITE_OFF_SEL, WH_DIALOG_SEL)
  File "/home/orderry/workspace/srt/src/scaffolds/dialog.py", line 24, in close_dialog
    wait_to_click_selector(driver, selector)
  File "/home/orderry/workspace/srt/src/lib/wait.py", line 44, in wait_to_click_selector
    EC.element_to_be_clickable((By.CSS_SELECTOR, name))
  File "/usr/local/lib/python2.7/dist-packages/selenium/webdriver/support/wait.py", line 80, in until
    raise TimeoutException(message, screen, stacktrace)
TimeoutException: Message: 



        </pre>
    </div>
    <!--css div popup end-->

    </td>
</tr>

<tr class='errorClass'>
    <td>src.tests.warehouse.batches.move.MoveOrderBatchesTests</td>
    <td>4</td>
    <td>0</td>
    <td>0</td>
    <td>4</td>
    <td><a href="javascript:showClassDetail('c36',4)">Detail</a></td>
</tr>

<tr id='ft36.1' class='none'>
    <td class='errorCase'><div class='testcase'>test1_residue_before_refund</div></td>
    <td colspan='5' align='center'>

    <!--css div popup start-->
    <a class="popup_link" onfocus='this.blur();' href="javascript:showTestDetail('div_ft36.1')" >
        error</a>

    <div id='div_ft36.1' class="popup_window">
        <div style='text-align: right; color:red;cursor:pointer'>
        <a onfocus='this.blur();' onclick="document.getElementById('div_ft36.1').style.display = 'none' " >
           [x]</a>
        </div>
        <pre>
        
ft36.1: Traceback (most recent call last):
  File "/home/orderry/workspace/srt/src/tests/warehouse/batches/move.py", line 130, in test1_residue_before_refund
    add_part_by_title(self.driver, self.item_data['title'])
  File "/home/orderry/workspace/srt/src/tests/orders/spare_parts_and_works/lib/part.py", line 109, in add_part_by_title
    return close_dialog(driver, SUBMIT_WRITE_OFF_SEL, WH_DIALOG_SEL)
  File "/home/orderry/workspace/srt/src/scaffolds/dialog.py", line 24, in close_dialog
    wait_to_click_selector(driver, selector)
  File "/home/orderry/workspace/srt/src/lib/wait.py", line 44, in wait_to_click_selector
    EC.element_to_be_clickable((By.CSS_SELECTOR, name))
  File "/usr/local/lib/python2.7/dist-packages/selenium/webdriver/support/wait.py", line 80, in until
    raise TimeoutException(message, screen, stacktrace)
TimeoutException: Message: 



        </pre>
    </div>
    <!--css div popup end-->

    </td>
</tr>

<tr id='ft36.2' class='none'>
    <td class='errorCase'><div class='testcase'>test2_residue_after_refund</div></td>
    <td colspan='5' align='center'>

    <!--css div popup start-->
    <a class="popup_link" onfocus='this.blur();' href="javascript:showTestDetail('div_ft36.2')" >
        error</a>

    <div id='div_ft36.2' class="popup_window">
        <div style='text-align: right; color:red;cursor:pointer'>
        <a onfocus='this.blur();' onclick="document.getElementById('div_ft36.2').style.display = 'none' " >
           [x]</a>
        </div>
        <pre>
        
ft36.2: Traceback (most recent call last):
  File "/home/orderry/workspace/srt/src/tests/warehouse/batches/move.py", line 147, in test2_residue_after_refund
    make_order_refund(self.driver)
  File "/home/orderry/workspace/srt/src/tests/refunds/lib/refund.py", line 48, in make_order_refund
    open_order(driver)
  File "/home/orderry/workspace/srt/src/tests/orders/lib/open.py", line 30, in open_order
    find_element_by_selector(driver, ORDER_CODE_SEL).click()
  File "/usr/local/lib/python2.7/dist-packages/selenium/webdriver/remote/webelement.py", line 80, in click
    self._execute(Command.CLICK_ELEMENT)
  File "/usr/local/lib/python2.7/dist-packages/selenium/webdriver/remote/webelement.py", line 501, in _execute
    return self._parent.execute(command, params)
  File "/usr/local/lib/python2.7/dist-packages/selenium/webdriver/remote/webdriver.py", line 308, in execute
    self.error_handler.check_response(response)
  File "/usr/local/lib/python2.7/dist-packages/selenium/webdriver/remote/errorhandler.py", line 194, in check_response
    raise exception_class(message, screen, stacktrace)
WebDriverException: Message: unknown error: Element &lt;a class="h-mr-5" href="#!/orders/6530600"&gt;...&lt;/a&gt; is not clickable at point (185, 214). Other element would receive the click: &lt;div id="mk-dg-e5e29477f718" class="h-dialog-mask" style="cursor: pointer; opacity: 0.5;"&gt;&lt;/div&gt;
  (Session info: chrome=61.0.3163.100)
  (Driver info: chromedriver=2.32.498513 (2c63aa53b2c658de596ed550eb5267ec5967b351),platform=Linux 4.10.0-35-generic x86_64)



        </pre>
    </div>
    <!--css div popup end-->

    </td>
</tr>

<tr id='ft36.3' class='none'>
    <td class='errorCase'><div class='testcase'>test3_residue_after_delete_refund</div></td>
    <td colspan='5' align='center'>

    <!--css div popup start-->
    <a class="popup_link" onfocus='this.blur();' href="javascript:showTestDetail('div_ft36.3')" >
        error</a>

    <div id='div_ft36.3' class="popup_window">
        <div style='text-align: right; color:red;cursor:pointer'>
        <a onfocus='this.blur();' onclick="document.getElementById('div_ft36.3').style.display = 'none' " >
           [x]</a>
        </div>
        <pre>
        
ft36.3: Traceback (most recent call last):
  File "/home/orderry/workspace/srt/src/tests/warehouse/batches/move.py", line 162, in test3_residue_after_delete_refund
    self.driver, make_selector(REFUND_FIRST_ROW_CELL_SEL, ".i-trash")
  File "/home/orderry/workspace/srt/src/lib/dom.py", line 105, in hover_and_click
    element.click()
  File "/usr/local/lib/python2.7/dist-packages/selenium/webdriver/remote/webelement.py", line 80, in click
    self._execute(Command.CLICK_ELEMENT)
  File "/usr/local/lib/python2.7/dist-packages/selenium/webdriver/remote/webelement.py", line 501, in _execute
    return self._parent.execute(command, params)
  File "/usr/local/lib/python2.7/dist-packages/selenium/webdriver/remote/webdriver.py", line 308, in execute
    self.error_handler.check_response(response)
  File "/usr/local/lib/python2.7/dist-packages/selenium/webdriver/remote/errorhandler.py", line 194, in check_response
    raise exception_class(message, screen, stacktrace)
ElementNotVisibleException: Message: element not visible
  (Session info: chrome=61.0.3163.100)
  (Driver info: chromedriver=2.32.498513 (2c63aa53b2c658de596ed550eb5267ec5967b351),platform=Linux 4.10.0-35-generic x86_64)



        </pre>
    </div>
    <!--css div popup end-->

    </td>
</tr>

<tr id='ft36.4' class='none'>
    <td class='errorCase'><div class='testcase'>test4_residue_after_delete_order</div></td>
    <td colspan='5' align='center'>

    <!--css div popup start-->
    <a class="popup_link" onfocus='this.blur();' href="javascript:showTestDetail('div_ft36.4')" >
        error</a>

    <div id='div_ft36.4' class="popup_window">
        <div style='text-align: right; color:red;cursor:pointer'>
        <a onfocus='this.blur();' onclick="document.getElementById('div_ft36.4').style.display = 'none' " >
           [x]</a>
        </div>
        <pre>
        
ft36.4: Traceback (most recent call last):
  File "/home/orderry/workspace/srt/src/tests/warehouse/batches/move.py", line 177, in test4_residue_after_delete_order
    open_order(self.driver)
  File "/home/orderry/workspace/srt/src/tests/orders/lib/open.py", line 30, in open_order
    find_element_by_selector(driver, ORDER_CODE_SEL).click()
  File "/usr/local/lib/python2.7/dist-packages/selenium/webdriver/remote/webelement.py", line 80, in click
    self._execute(Command.CLICK_ELEMENT)
  File "/usr/local/lib/python2.7/dist-packages/selenium/webdriver/remote/webelement.py", line 501, in _execute
    return self._parent.execute(command, params)
  File "/usr/local/lib/python2.7/dist-packages/selenium/webdriver/remote/webdriver.py", line 308, in execute
    self.error_handler.check_response(response)
  File "/usr/local/lib/python2.7/dist-packages/selenium/webdriver/remote/errorhandler.py", line 194, in check_response
    raise exception_class(message, screen, stacktrace)
WebDriverException: Message: unknown error: Element &lt;a class="h-mr-5" href="#!/orders/6530600"&gt;...&lt;/a&gt; is not clickable at point (185, 214). Other element would receive the click: &lt;div id="mk-dg-e5e29477f718" class="h-dialog-mask" style="cursor: pointer; opacity: 0.5;"&gt;&lt;/div&gt;
  (Session info: chrome=61.0.3163.100)
  (Driver info: chromedriver=2.32.498513 (2c63aa53b2c658de596ed550eb5267ec5967b351),platform=Linux 4.10.0-35-generic x86_64)



        </pre>
    </div>
    <!--css div popup end-->

    </td>
</tr>

<tr id='total_row'>
    <td>Total</td>
    <td>111</td>
    <td>90</td>
    <td>0</td>
    <td>21</td>
    <td>&nbsp;</td>
</tr>
</table>

<div id='ending'>&nbsp;</div>

</body>
</html>
